<?xml version="1.0" encoding="UTF-8"?>
<!-- Generated by org.testng.reporters.JUnitReportReporter -->
<testsuite hostname="LTIN272303" failures="0" tests="9" name="testCases.TC_01_CabSelectsection" time="21.419" errors="0" timestamp="2024-02-28T17:24:36 IST" skipped="0">
  <testcase classname="testCases.TC_01_CabSelectsection" name="carSelect1" time="3.784"/>
  <testcase classname="testCases.TC_01_CabSelectsection" name="fromCity1" time="2.804"/>
  <testcase classname="testCases.TC_01_CabSelectsection" name="tocity1" time="5.504"/>
  <testcase classname="testCases.TC_01_CabSelectsection" name="dateClick" time="0.189"/>
  <testcase classname="testCases.TC_01_CabSelectsection" name="apply1" time="0.198"/>
  <testcase classname="testCases.TC_01_CabSelectsection" name="search1" time="3.697"/>
  <testcase classname="testCases.TC_01_CabSelectsection" name="suvSelect1" time="2.415"/>
  <testcase classname="testCases.TC_01_CabSelectsection" name="carDetails" time="0.154"/>
  <testcase classname="testCases.TC_01_CabSelectsection" name="carP1" time="2.674"/>
</testsuite> <!-- testCases.TC_01_CabSelectsection -->
