<?xml version="1.0" encoding="UTF-8"?>
<!-- Generated by org.testng.reporters.JUnitReportReporter -->
<testsuite hostname="LTIN272303" failures="0" tests="5" name="testCases.TC_02_Giftsection" time="8.898" errors="0" timestamp="2024-02-28T17:24:36 IST" skipped="0">
  <testcase classname="testCases.TC_02_Giftsection" name="moreClick" time="2.868"/>
  <testcase classname="testCases.TC_02_Giftsection" name="giftSelect" time="2.333"/>
  <testcase classname="testCases.TC_02_Giftsection" name="deatils" time="3.167"/>
  <testcase classname="testCases.TC_02_Giftsection" name="Buynow" time="0.450"/>
  <testcase classname="testCases.TC_02_Giftsection" name="msg" time="0.080"/>
</testsuite> <!-- testCases.TC_02_Giftsection -->
